Processing seeed-xiao-rp2040 (platform: https://github.com/Seeed-Studio/platform-seeedboards.git; board: seeed-xiao-rp2040; framework: arduino)
--------------------------------------------------------------------------------
sys_type is: linux_x86_64
build_core =: earlephilhower
chip =: rp2040
sys_type is: linux_x86_64
build_core =: earlephilhower
chip =: rp2040
Verbose mode can be enabled via `-v, --verbose` option
sys_type is: linux_x86_64
build_core =: earlephilhower
chip =: rp2040
board id is seeed-xiao-rpi,will call board_build/rpi/rpi_build.py
CONFIGURATION: https://docs.platformio.org/page/boards/Seeed Studio/seeed-xiao-rp2040.html
PLATFORM: Seeed Studio Xiao Series (1.0.0+sha.47c711b) > Seeed Studio XIAO RP2040
HARDWARE: RP2040 133MHz, 256KB RAM, 2MB Flash
DEBUG: Current (blackmagic) External (blackmagic, cmsis-dap, jlink, picoprobe, raspberrypi-swd)
PACKAGES:
 - framework-arduinopico @ 1.40402.0+sha.b506c01
 - tool-esp_install @ 5.3.4
 - tool-openocd-rp2040-earlephilhower @ 5.140200.240929 (14.2.0)
 - tool-picotool-rp2040-earlephilhower @ 5.140200.240929 (14.2.0)
 - tool-sreccat @ 1.164.0 (1.64)
 - toolchain-rp2040-earlephilhower @ 5.140200.240929 (14.2.0)
board id is seeed-xiao-rpi,will call ../board_build/rpi/rpi_arduino.py
Flash size: 2.00MB
Sketch size: 2.00MB
Filesystem size: 0.00MB
PSRAM size: 0.00MB
Maximium Sketch size: 2093056 EEPROM start: 0x101ff000 Filesystem start: 0x101ff000 Filesystem end: 0x101ff000
LDF: Library Dependency Finder -> https://bit.ly/configure-pio-ldf
LDF Modes: Finder ~ chain, Compatibility ~ soft
Found 69 compatible libraries
Scanning dependencies...
No dependencies
Building in release mode
Compiling .pio/build/seeed-xiao-rp2040/src/main.cpp.o
Compiling .pio/build/seeed-xiao-rp2040/FrameworkArduino/PIOProgram.cpp.o
Compiling .pio/build/seeed-xiao-rp2040/FrameworkArduino/RP2040Support.cpp.o
Compiling .pio/build/seeed-xiao-rp2040/FrameworkArduino/RP2040USB.cpp.o
src/main.cpp:4:10: fatal error: quadrature_encoder.pio.h: No such file or directory

********************************************************************************
* Looking for quadrature_encoder.pio.h dependency? Check our library registry!
*
* CLI  > platformio lib search "header:quadrature_encoder.pio.h"
* Web  > https://registry.platformio.org/search?q=header:quadrature_encoder.pio.h
*
********************************************************************************

    4 | #include "quadrature_encoder.pio.h"
      |          ^~~~~~~~~~~~~~~~~~~~~~~~~~
compilation terminated.
*** [.pio/build/seeed-xiao-rp2040/src/main.cpp.o] Error 1
========================== [FAILED] Took 1.82 seconds ==========================
